<?xml version="1.0" encoding="UTF-8"?>
<testsuite name="br.poc.usecase.CreateRateUseCaseTest" tests="1" skipped="0" failures="0" errors="0" timestamp="2022-11-09T11:40:34" hostname="lnb028102cps" time="0.0">
  <properties/>
  <testcase name="create a use case successfully" classname="br.poc.usecase.CreateRateUseCaseTest" time="0.0"/>
  <system-out><![CDATA[]]></system-out>
  <system-err><![CDATA[]]></system-err>
</testsuite>
