<?xml version="1.0" encoding="UTF-8"?>
<testsuite name="br.poc.domain.SummaryRestaurantRateTest" tests="3" skipped="0" failures="0" errors="0" timestamp="2022-11-09T11:40:32" hostname="lnb028102cps" time="1.33">
  <properties/>
  <testcase name="get error when there is any rate with a different restaurant name" classname="br.poc.domain.SummaryRestaurantRateTest" time="0.085"/>
  <testcase name="get average when there are many rates for the same restaurant" classname="br.poc.domain.SummaryRestaurantRateTest" time="0.007"/>
  <testcase name="half up with 1 place" classname="br.poc.domain.SummaryRestaurantRateTest" time="0.009"/>
  <system-out><![CDATA[2022-11-09 08:40:32.718  INFO 1485946 --- [-1 @coroutine#8] o.s.t.c.transaction.TransactionContext   : Began transaction (1) for test context [DefaultTestContext@1075f108 testClass = RateRepositoryTest, testInstance = br.poc.infrastructure.db.RateRepositoryTest@af62c3b, testMethod = save_a_restaurant_rate_c0535552_efca_46f5_aebb_4cf44d09ba70@RateRepositoryTest.ByteBuddy.uYMjv6rw, testException = [null], mergedContextConfiguration = [MergedContextConfiguration@478e2c30 testClass = RateRepositoryTest, locations = '{}', classes = '{class br.poc.Application}', contextInitializerClasses = '[]', activeProfiles = '{test}', propertySourceLocations = '{}', propertySourceProperties = '{org.springframework.boot.test.autoconfigure.orm.jpa.DataJpaTestContextBootstrapper=true}', contextCustomizers = set[MockkContextCustomizer(definitions=[]), org.springframework.boot.test.autoconfigure.OverrideAutoConfigurationContextCustomizerFactory$DisableAutoConfigurationContextCustomizer@38daeeff, org.springframework.boot.test.autoconfigure.actuate.metrics.MetricsExportContextCustomizerFactory$DisableMetricExportContextCustomizer@5022aaa3, org.springframework.boot.test.autoconfigure.filter.TypeExcludeFiltersContextCustomizer@351584c0, org.springframework.boot.test.autoconfigure.properties.PropertyMappingContextCustomizer@2e2a2888, org.springframework.boot.test.autoconfigure.web.servlet.WebDriverContextCustomizerFactory$Customizer@5d548872, [ImportsContextCustomizer@339c572c key = [org.springframework.boot.autoconfigure.cache.CacheAutoConfiguration, org.springframework.boot.autoconfigure.data.jpa.JpaRepositoriesAutoConfiguration, org.springframework.boot.autoconfigure.flyway.FlywayAutoConfiguration, org.springframework.boot.autoconfigure.jdbc.DataSourceAutoConfiguration, org.springframework.boot.autoconfigure.jdbc.DataSourceTransactionManagerAutoConfiguration, org.springframework.boot.autoconfigure.jdbc.JdbcTemplateAutoConfiguration, org.springframework.boot.autoconfigure.liquibase.LiquibaseAutoConfiguration, org.springframework.boot.autoconfigure.orm.jpa.HibernateJpaAutoConfiguration, org.springframework.boot.autoconfigure.sql.init.SqlInitializationAutoConfiguration, org.springframework.boot.autoconfigure.transaction.TransactionAutoConfiguration, org.springframework.boot.test.autoconfigure.jdbc.TestDatabaseAutoConfiguration, org.springframework.boot.test.autoconfigure.orm.jpa.TestEntityManagerAutoConfiguration]], org.springframework.boot.test.context.filter.ExcludeFilterContextCustomizer@4d031311, org.springframework.boot.test.json.DuplicateJsonObjectContextCustomizerFactory$DuplicateJsonObjectContextCustomizer@77c0457f, org.springframework.boot.test.mock.mockito.MockitoContextCustomizer@0, org.springframework.boot.test.context.SpringBootTestArgs@1, org.springframework.boot.test.context.SpringBootTestWebEnvironment@0], contextLoader = 'org.springframework.boot.test.context.SpringBootContextLoader', parent = [null]], attributes = map['org.springframework.test.context.event.ApplicationEventsTestExecutionListener.recordApplicationEvents' -> false]]; transaction manager [org.springframework.orm.jpa.JpaTransactionManager@3bae4331]; rollback [true]
Hibernate: select rateentity0_.id as id1_0_0_, rateentity0_.rate as rate2_0_0_, rateentity0_.restaurant_name as restaura3_0_0_ from "rate" rateentity0_ where rateentity0_.id=?
Hibernate: insert into "rate" (rate, restaurant_name, id) values (?, ?, ?)
Hibernate: select rateentity0_.id as id1_0_, rateentity0_.rate as rate2_0_, rateentity0_.restaurant_name as restaura3_0_ from "rate" rateentity0_ where rateentity0_.restaurant_name=?
2022-11-09 08:40:33.591  INFO 1485946 --- [-1 @coroutine#8] o.s.t.c.transaction.TransactionContext   : Rolled back transaction for test: [DefaultTestContext@1075f108 testClass = RateRepositoryTest, testInstance = br.poc.infrastructure.db.RateRepositoryTest@af62c3b, testMethod = save_a_restaurant_rate_c0535552_efca_46f5_aebb_4cf44d09ba70@RateRepositoryTest.ByteBuddy.uYMjv6rw, testException = [null], mergedContextConfiguration = [MergedContextConfiguration@478e2c30 testClass = RateRepositoryTest, locations = '{}', classes = '{class br.poc.Application}', contextInitializerClasses = '[]', activeProfiles = '{test}', propertySourceLocations = '{}', propertySourceProperties = '{org.springframework.boot.test.autoconfigure.orm.jpa.DataJpaTestContextBootstrapper=true}', contextCustomizers = set[MockkContextCustomizer(definitions=[]), org.springframework.boot.test.autoconfigure.OverrideAutoConfigurationContextCustomizerFactory$DisableAutoConfigurationContextCustomizer@38daeeff, org.springframework.boot.test.autoconfigure.actuate.metrics.MetricsExportContextCustomizerFactory$DisableMetricExportContextCustomizer@5022aaa3, org.springframework.boot.test.autoconfigure.filter.TypeExcludeFiltersContextCustomizer@351584c0, org.springframework.boot.test.autoconfigure.properties.PropertyMappingContextCustomizer@2e2a2888, org.springframework.boot.test.autoconfigure.web.servlet.WebDriverContextCustomizerFactory$Customizer@5d548872, [ImportsContextCustomizer@339c572c key = [org.springframework.boot.autoconfigure.cache.CacheAutoConfiguration, org.springframework.boot.autoconfigure.data.jpa.JpaRepositoriesAutoConfiguration, org.springframework.boot.autoconfigure.flyway.FlywayAutoConfiguration, org.springframework.boot.autoconfigure.jdbc.DataSourceAutoConfiguration, org.springframework.boot.autoconfigure.jdbc.DataSourceTransactionManagerAutoConfiguration, org.springframework.boot.autoconfigure.jdbc.JdbcTemplateAutoConfiguration, org.springframework.boot.autoconfigure.liquibase.LiquibaseAutoConfiguration, org.springframework.boot.autoconfigure.orm.jpa.HibernateJpaAutoConfiguration, org.springframework.boot.autoconfigure.sql.init.SqlInitializationAutoConfiguration, org.springframework.boot.autoconfigure.transaction.TransactionAutoConfiguration, org.springframework.boot.test.autoconfigure.jdbc.TestDatabaseAutoConfiguration, org.springframework.boot.test.autoconfigure.orm.jpa.TestEntityManagerAutoConfiguration]], org.springframework.boot.test.context.filter.ExcludeFilterContextCustomizer@4d031311, org.springframework.boot.test.json.DuplicateJsonObjectContextCustomizerFactory$DuplicateJsonObjectContextCustomizer@77c0457f, org.springframework.boot.test.mock.mockito.MockitoContextCustomizer@0, org.springframework.boot.test.context.SpringBootTestArgs@1, org.springframework.boot.test.context.SpringBootTestWebEnvironment@0], contextLoader = 'org.springframework.boot.test.context.SpringBootContextLoader', parent = [null]], attributes = map['org.springframework.test.context.event.ApplicationEventsTestExecutionListener.recordApplicationEvents' -> false]]
2022-11-09 08:40:33.672  INFO 1485946 --- [er @coroutine#5] o.s.t.c.s.DefaultTestContextBootstrapper : Neither @ContextConfiguration nor @ContextHierarchy found for test class [br.poc.usecase.CreateRateUseCaseTest], using DelegatingSmartContextLoader
2022-11-09 08:40:33.675  INFO 1485946 --- [er @coroutine#5] o.s.t.c.support.AbstractContextLoader    : Could not detect default resource locations for test class [br.poc.usecase.CreateRateUseCaseTest]: no resource found for suffixes {-context.xml}.
2022-11-09 08:40:33.675  INFO 1485946 --- [er @coroutine#5] t.c.s.AnnotationConfigContextLoaderUtils : Could not detect default configuration classes for test class [br.poc.usecase.CreateRateUseCaseTest]: CreateRateUseCaseTest does not declare any static, non-private, non-final, nested classes annotated with @Configuration.
2022-11-09 08:40:33.690  INFO 1485946 --- [er @coroutine#5] o.s.t.c.s.DefaultTestContextBootstrapper : Loaded default TestExecutionListener class names from location [META-INF/spring.factories]: [com.ninjasquad.springmockk.MockkTestExecutionListener, com.ninjasquad.springmockk.ClearMocksTestExecutionListener, org.springframework.boot.test.autoconfigure.restdocs.RestDocsTestExecutionListener, org.springframework.boot.test.autoconfigure.web.client.MockRestServiceServerResetTestExecutionListener, org.springframework.boot.test.autoconfigure.web.servlet.MockMvcPrintOnlyOnFailureTestExecutionListener, org.springframework.boot.test.autoconfigure.web.servlet.WebDriverTestExecutionListener, org.springframework.boot.test.autoconfigure.webservices.client.MockWebServiceServerTestExecutionListener, org.springframework.boot.test.mock.mockito.MockitoTestExecutionListener, org.springframework.boot.test.mock.mockito.ResetMocksTestExecutionListener, org.springframework.test.context.web.ServletTestExecutionListener, org.springframework.test.context.support.DirtiesContextBeforeModesTestExecutionListener, org.springframework.test.context.event.ApplicationEventsTestExecutionListener, org.springframework.test.context.support.DependencyInjectionTestExecutionListener, org.springframework.test.context.support.DirtiesContextTestExecutionListener, org.springframework.test.context.transaction.TransactionalTestExecutionListener, org.springframework.test.context.jdbc.SqlScriptsTestExecutionListener, org.springframework.test.context.event.EventPublishingTestExecutionListener]
2022-11-09 08:40:33.694  INFO 1485946 --- [er @coroutine#5] o.s.t.c.s.DefaultTestContextBootstrapper : Using TestExecutionListeners: [org.springframework.test.context.support.DirtiesContextBeforeModesTestExecutionListener@149ae527, org.springframework.test.context.event.ApplicationEventsTestExecutionListener@720b8a74, com.ninjasquad.springmockk.MockkTestExecutionListener@478dc0d8, org.springframework.boot.test.mock.mockito.MockitoTestExecutionListener@7a01a9b0, org.springframework.test.context.support.DependencyInjectionTestExecutionListener@3971c80a, org.springframework.test.context.support.DirtiesContextTestExecutionListener@1707ad7a, org.springframework.test.context.transaction.TransactionalTestExecutionListener@3ea53442, org.springframework.test.context.jdbc.SqlScriptsTestExecutionListener@499e460f, org.springframework.test.context.event.EventPublishingTestExecutionListener@7e98f6ae, com.ninjasquad.springmockk.ClearMocksTestExecutionListener@545ef87a, org.springframework.boot.test.autoconfigure.restdocs.RestDocsTestExecutionListener@43ced197, org.springframework.boot.test.autoconfigure.web.client.MockRestServiceServerResetTestExecutionListener@785b59df, org.springframework.boot.test.autoconfigure.web.servlet.MockMvcPrintOnlyOnFailureTestExecutionListener@414fedfc, org.springframework.boot.test.autoconfigure.web.servlet.WebDriverTestExecutionListener@62714087, org.springframework.boot.test.autoconfigure.webservices.client.MockWebServiceServerTestExecutionListener@57866737, org.springframework.boot.test.mock.mockito.ResetMocksTestExecutionListener@753149b9]
]]></system-out>
  <system-err><![CDATA[]]></system-err>
</testsuite>
